{"D:\\xampp\\htdocs\\mongez\\react\\reinforcements\\src\\Collection.ts": {"path":"D:\\xampp\\htdocs\\mongez\\react\\reinforcements\\src\\Collection.ts","statementMap":{"0":{"start":{"line":5,"column":31},"end":{"line":5,"column":33}},"1":{"start":{"line":11,"column":4},"end":{"line":11,"column":29}},"2":{"start":{"line":1,"column":0},"end":{"line":1,"column":21}}},"fnMap":{"0":{"name":"(anonymous_0)","decl":{"start":{"line":10,"column":2},"end":{"line":10,"column":13}},"loc":{"start":{"line":10,"column":19},"end":{"line":12,"column":3}}}},"branchMap":{},"s":{"0":0,"1":0,"2":1},"f":{"0":0},"b":{}}
,"D:\\xampp\\htdocs\\mongez\\react\\reinforcements\\src\\index.ts": {"path":"D:\\xampp\\htdocs\\mongez\\react\\reinforcements\\src\\index.ts","statementMap":{"0":{"start":{"line":1,"column":0},"end":{"line":1,"column":9}},"1":{"start":{"line":1,"column":9},"end":{"line":1,"column":30}},"2":{"start":{"line":2,"column":0},"end":{"line":2,"column":9}},"3":{"start":{"line":2,"column":9},"end":{"line":2,"column":23}},"4":{"start":{"line":3,"column":0},"end":{"line":3,"column":9}},"5":{"start":{"line":3,"column":9},"end":{"line":3,"column":25}},"6":{"start":{"line":4,"column":0},"end":{"line":4,"column":9}},"7":{"start":{"line":4,"column":9},"end":{"line":4,"column":28}},"8":{"start":{"line":5,"column":0},"end":{"line":5,"column":9}},"9":{"start":{"line":5,"column":9},"end":{"line":5,"column":29}},"10":{"start":{"line":6,"column":0},"end":{"line":6,"column":9}},"11":{"start":{"line":6,"column":9},"end":{"line":6,"column":30}},"12":{"start":{"line":7,"column":0},"end":{"line":7,"column":9}},"13":{"start":{"line":7,"column":9},"end":{"line":7,"column":26}},"14":{"start":{"line":8,"column":0},"end":{"line":8,"column":9}},"15":{"start":{"line":8,"column":9},"end":{"line":8,"column":26}},"16":{"start":{"line":9,"column":0},"end":{"line":9,"column":9}},"17":{"start":{"line":9,"column":9},"end":{"line":9,"column":28}},"18":{"start":{"line":10,"column":0},"end":{"line":10,"column":9}},"19":{"start":{"line":10,"column":9},"end":{"line":10,"column":27}},"20":{"start":{"line":11,"column":0},"end":{"line":11,"column":9}},"21":{"start":{"line":11,"column":9},"end":{"line":11,"column":26}},"22":{"start":{"line":12,"column":0},"end":{"line":12,"column":9}},"23":{"start":{"line":12,"column":9},"end":{"line":12,"column":27}},"24":{"start":{"line":13,"column":0},"end":{"line":13,"column":9}},"25":{"start":{"line":13,"column":9},"end":{"line":13,"column":30}},"26":{"start":{"line":14,"column":0},"end":{"line":14,"column":9}},"27":{"start":{"line":14,"column":9},"end":{"line":14,"column":29}},"28":{"start":{"line":15,"column":0},"end":{"line":15,"column":9}},"29":{"start":{"line":15,"column":9},"end":{"line":15,"column":25}},"30":{"start":{"line":16,"column":0},"end":{"line":16,"column":9}},"31":{"start":{"line":16,"column":9},"end":{"line":16,"column":33}},"32":{"start":{"line":17,"column":0},"end":{"line":17,"column":9}},"33":{"start":{"line":17,"column":9},"end":{"line":17,"column":33}},"34":{"start":{"line":18,"column":0},"end":{"line":18,"column":9}},"35":{"start":{"line":18,"column":9},"end":{"line":18,"column":31}},"36":{"start":{"line":19,"column":0},"end":{"line":19,"column":9}},"37":{"start":{"line":19,"column":9},"end":{"line":19,"column":30}},"38":{"start":{"line":20,"column":0},"end":{"line":20,"column":9}},"39":{"start":{"line":20,"column":9},"end":{"line":20,"column":29}},"40":{"start":{"line":21,"column":0},"end":{"line":21,"column":9}},"41":{"start":{"line":21,"column":9},"end":{"line":21,"column":30}},"42":{"start":{"line":22,"column":0},"end":{"line":22,"column":9}},"43":{"start":{"line":22,"column":9},"end":{"line":22,"column":32}},"44":{"start":{"line":23,"column":0},"end":{"line":23,"column":9}},"45":{"start":{"line":23,"column":9},"end":{"line":23,"column":31}},"46":{"start":{"line":24,"column":0},"end":{"line":24,"column":9}},"47":{"start":{"line":24,"column":9},"end":{"line":24,"column":25}},"48":{"start":{"line":25,"column":0},"end":{"line":25,"column":null}},"49":{"start":{"line":26,"column":2},"end":{"line":26,"column":null}},"50":{"start":{"line":27,"column":2},"end":{"line":27,"column":29}},"51":{"start":{"line":29,"column":0},"end":{"line":29,"column":9}},"52":{"start":{"line":29,"column":9},"end":{"line":29,"column":31}},"53":{"start":{"line":30,"column":0},"end":{"line":30,"column":9}},"54":{"start":{"line":30,"column":9},"end":{"line":30,"column":31}},"55":{"start":{"line":31,"column":0},"end":{"line":31,"column":9}},"56":{"start":{"line":31,"column":9},"end":{"line":31,"column":31}},"57":{"start":{"line":32,"column":0},"end":{"line":32,"column":9}},"58":{"start":{"line":32,"column":9},"end":{"line":32,"column":32}},"59":{"start":{"line":33,"column":0},"end":{"line":33,"column":9}},"60":{"start":{"line":33,"column":9},"end":{"line":33,"column":24}},"61":{"start":{"line":34,"column":0},"end":{"line":34,"column":9}},"62":{"start":{"line":34,"column":9},"end":{"line":34,"column":27}},"63":{"start":{"line":35,"column":0},"end":{"line":35,"column":9}},"64":{"start":{"line":35,"column":9},"end":{"line":35,"column":28}},"65":{"start":{"line":36,"column":0},"end":{"line":36,"column":9}},"66":{"start":{"line":36,"column":9},"end":{"line":36,"column":31}},"67":{"start":{"line":37,"column":0},"end":{"line":37,"column":9}},"68":{"start":{"line":37,"column":9},"end":{"line":37,"column":26}}},"fnMap":{"0":{"name":"(anonymous_1)","decl":{"start":{"line":1,"column":9},"end":{"line":1,"column":16}},"loc":{"start":{"line":1,"column":9},"end":{"line":1,"column":30}}},"1":{"name":"(anonymous_2)","decl":{"start":{"line":2,"column":9},"end":{"line":2,"column":16}},"loc":{"start":{"line":2,"column":9},"end":{"line":2,"column":23}}},"2":{"name":"(anonymous_3)","decl":{"start":{"line":3,"column":9},"end":{"line":3,"column":16}},"loc":{"start":{"line":3,"column":9},"end":{"line":3,"column":25}}},"3":{"name":"(anonymous_4)","decl":{"start":{"line":4,"column":9},"end":{"line":4,"column":16}},"loc":{"start":{"line":4,"column":9},"end":{"line":4,"column":28}}},"4":{"name":"(anonymous_5)","decl":{"start":{"line":5,"column":9},"end":{"line":5,"column":16}},"loc":{"start":{"line":5,"column":9},"end":{"line":5,"column":29}}},"5":{"name":"(anonymous_6)","decl":{"start":{"line":6,"column":9},"end":{"line":6,"column":16}},"loc":{"start":{"line":6,"column":9},"end":{"line":6,"column":30}}},"6":{"name":"(anonymous_7)","decl":{"start":{"line":7,"column":9},"end":{"line":7,"column":16}},"loc":{"start":{"line":7,"column":9},"end":{"line":7,"column":26}}},"7":{"name":"(anonymous_8)","decl":{"start":{"line":8,"column":9},"end":{"line":8,"column":16}},"loc":{"start":{"line":8,"column":9},"end":{"line":8,"column":26}}},"8":{"name":"(anonymous_9)","decl":{"start":{"line":9,"column":9},"end":{"line":9,"column":16}},"loc":{"start":{"line":9,"column":9},"end":{"line":9,"column":28}}},"9":{"name":"(anonymous_10)","decl":{"start":{"line":10,"column":9},"end":{"line":10,"column":16}},"loc":{"start":{"line":10,"column":9},"end":{"line":10,"column":27}}},"10":{"name":"(anonymous_11)","decl":{"start":{"line":11,"column":9},"end":{"line":11,"column":16}},"loc":{"start":{"line":11,"column":9},"end":{"line":11,"column":26}}},"11":{"name":"(anonymous_12)","decl":{"start":{"line":12,"column":9},"end":{"line":12,"column":16}},"loc":{"start":{"line":12,"column":9},"end":{"line":12,"column":27}}},"12":{"name":"(anonymous_13)","decl":{"start":{"line":13,"column":9},"end":{"line":13,"column":16}},"loc":{"start":{"line":13,"column":9},"end":{"line":13,"column":30}}},"13":{"name":"(anonymous_14)","decl":{"start":{"line":14,"column":9},"end":{"line":14,"column":16}},"loc":{"start":{"line":14,"column":9},"end":{"line":14,"column":29}}},"14":{"name":"(anonymous_15)","decl":{"start":{"line":15,"column":9},"end":{"line":15,"column":16}},"loc":{"start":{"line":15,"column":9},"end":{"line":15,"column":25}}},"15":{"name":"(anonymous_16)","decl":{"start":{"line":16,"column":9},"end":{"line":16,"column":16}},"loc":{"start":{"line":16,"column":9},"end":{"line":16,"column":33}}},"16":{"name":"(anonymous_17)","decl":{"start":{"line":17,"column":9},"end":{"line":17,"column":16}},"loc":{"start":{"line":17,"column":9},"end":{"line":17,"column":33}}},"17":{"name":"(anonymous_18)","decl":{"start":{"line":18,"column":9},"end":{"line":18,"column":16}},"loc":{"start":{"line":18,"column":9},"end":{"line":18,"column":31}}},"18":{"name":"(anonymous_19)","decl":{"start":{"line":19,"column":9},"end":{"line":19,"column":16}},"loc":{"start":{"line":19,"column":9},"end":{"line":19,"column":30}}},"19":{"name":"(anonymous_20)","decl":{"start":{"line":20,"column":9},"end":{"line":20,"column":16}},"loc":{"start":{"line":20,"column":9},"end":{"line":20,"column":29}}},"20":{"name":"(anonymous_21)","decl":{"start":{"line":21,"column":9},"end":{"line":21,"column":16}},"loc":{"start":{"line":21,"column":9},"end":{"line":21,"column":30}}},"21":{"name":"(anonymous_22)","decl":{"start":{"line":22,"column":9},"end":{"line":22,"column":16}},"loc":{"start":{"line":22,"column":9},"end":{"line":22,"column":32}}},"22":{"name":"(anonymous_23)","decl":{"start":{"line":23,"column":9},"end":{"line":23,"column":16}},"loc":{"start":{"line":23,"column":9},"end":{"line":23,"column":31}}},"23":{"name":"(anonymous_24)","decl":{"start":{"line":24,"column":9},"end":{"line":24,"column":16}},"loc":{"start":{"line":24,"column":9},"end":{"line":24,"column":25}}},"24":{"name":"(anonymous_25)","decl":{"start":{"line":26,"column":2},"end":{"line":26,"column":16}},"loc":{"start":{"line":26,"column":2},"end":{"line":26,"column":null}}},"25":{"name":"(anonymous_26)","decl":{"start":{"line":27,"column":2},"end":{"line":27,"column":9}},"loc":{"start":{"line":27,"column":2},"end":{"line":27,"column":29}}},"26":{"name":"(anonymous_27)","decl":{"start":{"line":29,"column":9},"end":{"line":29,"column":16}},"loc":{"start":{"line":29,"column":9},"end":{"line":29,"column":31}}},"27":{"name":"(anonymous_28)","decl":{"start":{"line":30,"column":9},"end":{"line":30,"column":16}},"loc":{"start":{"line":30,"column":9},"end":{"line":30,"column":31}}},"28":{"name":"(anonymous_29)","decl":{"start":{"line":31,"column":9},"end":{"line":31,"column":16}},"loc":{"start":{"line":31,"column":9},"end":{"line":31,"column":31}}},"29":{"name":"(anonymous_30)","decl":{"start":{"line":32,"column":9},"end":{"line":32,"column":16}},"loc":{"start":{"line":32,"column":9},"end":{"line":32,"column":32}}},"30":{"name":"(anonymous_31)","decl":{"start":{"line":33,"column":9},"end":{"line":33,"column":16}},"loc":{"start":{"line":33,"column":9},"end":{"line":33,"column":24}}},"31":{"name":"(anonymous_32)","decl":{"start":{"line":34,"column":9},"end":{"line":34,"column":16}},"loc":{"start":{"line":34,"column":9},"end":{"line":34,"column":27}}},"32":{"name":"(anonymous_33)","decl":{"start":{"line":35,"column":9},"end":{"line":35,"column":16}},"loc":{"start":{"line":35,"column":9},"end":{"line":35,"column":28}}},"33":{"name":"(anonymous_34)","decl":{"start":{"line":36,"column":9},"end":{"line":36,"column":16}},"loc":{"start":{"line":36,"column":9},"end":{"line":36,"column":31}}},"34":{"name":"(anonymous_35)","decl":{"start":{"line":37,"column":9},"end":{"line":37,"column":16}},"loc":{"start":{"line":37,"column":9},"end":{"line":37,"column":26}}}},"branchMap":{},"s":{"0":1,"1":1,"2":1,"3":1,"4":1,"5":1,"6":1,"7":1,"8":1,"9":1,"10":1,"11":1,"12":1,"13":1,"14":1,"15":1,"16":1,"17":1,"18":1,"19":1,"20":1,"21":1,"22":1,"23":1,"24":1,"25":1,"26":1,"27":1,"28":1,"29":1,"30":1,"31":1,"32":1,"33":1,"34":1,"35":1,"36":1,"37":1,"38":1,"39":1,"40":1,"41":1,"42":1,"43":1,"44":1,"45":1,"46":1,"47":1,"48":1,"49":1,"50":1,"51":1,"52":10,"53":1,"54":1,"55":1,"56":1,"57":1,"58":1,"59":1,"60":1,"61":1,"62":1,"63":1,"64":1,"65":1,"66":1,"67":1,"68":1},"f":{"0":0,"1":0,"2":0,"3":0,"4":0,"5":0,"6":0,"7":0,"8":0,"9":0,"10":0,"11":0,"12":0,"13":0,"14":0,"15":0,"16":0,"17":0,"18":0,"19":0,"20":0,"21":0,"22":0,"23":0,"24":0,"25":0,"26":9,"27":0,"28":0,"29":0,"30":0,"31":0,"32":0,"33":0,"34":0},"b":{}}
,"D:\\xampp\\htdocs\\mongez\\react\\reinforcements\\src\\obj.ts": {"path":"D:\\xampp\\htdocs\\mongez\\react\\reinforcements\\src\\obj.ts","statementMap":{"0":{"start":{"line":2,"column":0},"end":{"line":2,"column":48}},"1":{"start":{"line":3,"column":0},"end":{"line":3,"column":50}},"2":{"start":{"line":4,"column":0},"end":{"line":4,"column":52}},"3":{"start":{"line":5,"column":0},"end":{"line":5,"column":44}},"4":{"start":{"line":6,"column":0},"end":{"line":6,"column":50}},"5":{"start":{"line":7,"column":0},"end":{"line":7,"column":48}},"6":{"start":{"line":8,"column":0},"end":{"line":8,"column":46}},"7":{"start":{"line":9,"column":0},"end":{"line":9,"column":44}},"8":{"start":{"line":10,"column":0},"end":{"line":10,"column":46}},"9":{"start":{"line":28,"column":4},"end":{"line":28,"column":35}},"10":{"start":{"line":39,"column":4},"end":{"line":39,"column":38}},"11":{"start":{"line":49,"column":4},"end":{"line":49,"column":25}},"12":{"start":{"line":59,"column":4},"end":{"line":59,"column":50}},"13":{"start":{"line":67,"column":4},"end":{"line":67,"column":24}},"14":{"start":{"line":81,"column":4},"end":{"line":81,"column":30}},"15":{"start":{"line":95,"column":4},"end":{"line":95,"column":32}},"16":{"start":{"line":109,"column":4},"end":{"line":109,"column":39}},"17":{"start":{"line":121,"column":4},"end":{"line":121,"column":52}},"18":{"start":{"line":18,"column":0},"end":{"line":18,"column":21}}},"fnMap":{"0":{"name":"(anonymous_1)","decl":{"start":{"line":23,"column":9},"end":{"line":23,"column":15}},"loc":{"start":{"line":26,"column":18},"end":{"line":29,"column":3}}},"1":{"name":"(anonymous_2)","decl":{"start":{"line":34,"column":9},"end":{"line":34,"column":15}},"loc":{"start":{"line":37,"column":28},"end":{"line":40,"column":3}}},"2":{"name":"(anonymous_3)","decl":{"start":{"line":48,"column":9},"end":{"line":48,"column":15}},"loc":{"start":{"line":48,"column":43},"end":{"line":50,"column":3}}},"3":{"name":"(anonymous_4)","decl":{"start":{"line":58,"column":9},"end":{"line":58,"column":15}},"loc":{"start":{"line":58,"column":49},"end":{"line":60,"column":3}}},"4":{"name":"(anonymous_5)","decl":{"start":{"line":66,"column":9},"end":{"line":66,"column":15}},"loc":{"start":{"line":66,"column":42},"end":{"line":68,"column":3}}},"5":{"name":"(anonymous_6)","decl":{"start":{"line":77,"column":9},"end":{"line":77,"column":15}},"loc":{"start":{"line":79,"column":23},"end":{"line":82,"column":3}}},"6":{"name":"(anonymous_7)","decl":{"start":{"line":91,"column":9},"end":{"line":91,"column":15}},"loc":{"start":{"line":93,"column":23},"end":{"line":96,"column":3}}},"7":{"name":"(anonymous_8)","decl":{"start":{"line":105,"column":9},"end":{"line":105,"column":15}},"loc":{"start":{"line":107,"column":54},"end":{"line":110,"column":3}}},"8":{"name":"(anonymous_9)","decl":{"start":{"line":115,"column":9},"end":{"line":115,"column":15}},"loc":{"start":{"line":119,"column":28},"end":{"line":122,"column":3}}}},"branchMap":{"0":{"loc":{"start":{"line":37,"column":4},"end":{"line":37,"column":28}},"type":"default-arg","locations":[{"start":{"line":37,"column":24},"end":{"line":37,"column":28}}]},"1":{"loc":{"start":{"line":117,"column":4},"end":{"line":117,"column":19}},"type":"default-arg","locations":[{"start":{"line":117,"column":16},"end":{"line":117,"column":19}}]},"2":{"loc":{"start":{"line":118,"column":4},"end":{"line":118,"column":32}},"type":"default-arg","locations":[{"start":{"line":118,"column":28},"end":{"line":118,"column":32}}]},"3":{"loc":{"start":{"line":119,"column":4},"end":{"line":119,"column":28}},"type":"default-arg","locations":[{"start":{"line":119,"column":26},"end":{"line":119,"column":28}}]}},"s":{"0":1,"1":1,"2":1,"3":1,"4":1,"5":1,"6":1,"7":1,"8":1,"9":0,"10":0,"11":0,"12":0,"13":0,"14":0,"15":0,"16":0,"17":0,"18":1},"f":{"0":0,"1":0,"2":0,"3":0,"4":0,"5":0,"6":0,"7":0,"8":0},"b":{"0":[0],"1":[0],"2":[0],"3":[0]}}
,"D:\\xampp\\htdocs\\mongez\\react\\reinforcements\\src\\utilities\\array\\average.ts": {"path":"D:\\xampp\\htdocs\\mongez\\react\\reinforcements\\src\\utilities\\array\\average.ts","statementMap":{"0":{"start":{"line":1,"column":0},"end":{"line":1,"column":24}},"1":{"start":{"line":9,"column":2},"end":{"line":9,"column":38}},"2":{"start":{"line":9,"column":29},"end":{"line":9,"column":38}},"3":{"start":{"line":11,"column":2},"end":{"line":11,"column":40}},"4":{"start":{"line":8,"column":0},"end":{"line":8,"column":24}}},"fnMap":{"0":{"name":"average","decl":{"start":{"line":8,"column":24},"end":{"line":8,"column":31}},"loc":{"start":{"line":8,"column":62},"end":{"line":12,"column":1}}}},"branchMap":{"0":{"loc":{"start":{"line":9,"column":2},"end":{"line":9,"column":38}},"type":"if","locations":[{"start":{"line":9,"column":2},"end":{"line":9,"column":38}}]}},"s":{"0":1,"1":11,"2":6,"3":5,"4":1},"f":{"0":11},"b":{"0":[6]}}
,"D:\\xampp\\htdocs\\mongez\\react\\reinforcements\\src\\utilities\\array\\chunk.ts": {"path":"D:\\xampp\\htdocs\\mongez\\react\\reinforcements\\src\\utilities\\array\\chunk.ts","statementMap":{"0":{"start":{"line":8,"column":2},"end":{"line":8,"column":68}},"1":{"start":{"line":8,"column":58},"end":{"line":8,"column":68}},"2":{"start":{"line":10,"column":28},"end":{"line":10,"column":30}},"3":{"start":{"line":12,"column":2},"end":{"line":14,"column":null}},"4":{"start":{"line":12,"column":15},"end":{"line":12,"column":16}},"5":{"start":{"line":13,"column":4},"end":{"line":13,"column":42}},"6":{"start":{"line":16,"column":2},"end":{"line":16,"column":16}},"7":{"start":{"line":4,"column":0},"end":{"line":4,"column":24}}},"fnMap":{"0":{"name":"chunk","decl":{"start":{"line":4,"column":24},"end":{"line":4,"column":29}},"loc":{"start":{"line":6,"column":14},"end":{"line":17,"column":1}}}},"branchMap":{"0":{"loc":{"start":{"line":8,"column":2},"end":{"line":8,"column":68}},"type":"if","locations":[{"start":{"line":8,"column":2},"end":{"line":8,"column":68}}]},"1":{"loc":{"start":{"line":8,"column":6},"end":{"line":8,"column":56}},"type":"binary-expr","locations":[{"start":{"line":8,"column":6},"end":{"line":8,"column":27}},{"start":{"line":8,"column":31},"end":{"line":8,"column":56}}]}},"s":{"0":8,"1":5,"2":3,"3":3,"4":3,"5":8,"6":3,"7":1},"f":{"0":8},"b":{"0":[5],"1":[8,6]}}
,"D:\\xampp\\htdocs\\mongez\\react\\reinforcements\\src\\utilities\\array\\groupBy.ts": {"path":"D:\\xampp\\htdocs\\mongez\\react\\reinforcements\\src\\utilities\\array\\groupBy.ts","statementMap":{"0":{"start":{"line":18,"column":6},"end":{"line":18,"column":8}},"1":{"start":{"line":21,"column":4},"end":{"line":21,"column":62}},"2":{"start":{"line":23,"column":2},"end":{"line":55,"column":null}},"3":{"start":{"line":27,"column":9},"end":{"line":27,"column":11}},"4":{"start":{"line":29,"column":4},"end":{"line":36,"column":null}},"5":{"start":{"line":30,"column":6},"end":{"line":30,"column":35}},"6":{"start":{"line":30,"column":29},"end":{"line":30,"column":35}},"7":{"start":{"line":32,"column":6},"end":{"line":35,"column":9}},"8":{"start":{"line":38,"column":20},"end":{"line":38,"column":44}},"9":{"start":{"line":40,"column":4},"end":{"line":52,"column":null}},"10":{"start":{"line":43,"column":10},"end":{"line":45,"column":8}},"11":{"start":{"line":47,"column":6},"end":{"line":49,"column":null}},"12":{"start":{"line":48,"column":8},"end":{"line":48,"column":67}},"13":{"start":{"line":51,"column":6},"end":{"line":51,"column":41}},"14":{"start":{"line":54,"column":4},"end":{"line":54,"column":39}},"15":{"start":{"line":57,"column":37},"end":{"line":57,"column":39}},"16":{"start":{"line":59,"column":2},"end":{"line":66,"column":null}},"17":{"start":{"line":60,"column":42},"end":{"line":60,"column":70}},"18":{"start":{"line":62,"column":4},"end":{"line":65,"column":7}},"19":{"start":{"line":68,"column":2},"end":{"line":68,"column":19}},"20":{"start":{"line":8,"column":0},"end":{"line":8,"column":24}}},"fnMap":{"0":{"name":"groupBy","decl":{"start":{"line":8,"column":24},"end":{"line":8,"column":31}},"loc":{"start":{"line":11,"column":17},"end":{"line":69,"column":1}}}},"branchMap":{"0":{"loc":{"start":{"line":11,"column":2},"end":{"line":11,"column":17}},"type":"default-arg","locations":[{"start":{"line":11,"column":11},"end":{"line":11,"column":17}}]},"1":{"loc":{"start":{"line":21,"column":4},"end":{"line":21,"column":62}},"type":"cond-expr","locations":[{"start":{"line":21,"column":37},"end":{"line":21,"column":49}},{"start":{"line":21,"column":52},"end":{"line":21,"column":62}}]},"2":{"loc":{"start":{"line":30,"column":6},"end":{"line":30,"column":35}},"type":"if","locations":[{"start":{"line":30,"column":6},"end":{"line":30,"column":35}}]},"3":{"loc":{"start":{"line":40,"column":4},"end":{"line":52,"column":null}},"type":"if","locations":[{"start":{"line":40,"column":4},"end":{"line":52,"column":null}}]}},"s":{"0":2,"1":2,"2":2,"3":12,"4":12,"5":18,"6":0,"7":18,"8":12,"9":12,"10":7,"11":7,"12":11,"13":7,"14":12,"15":2,"16":2,"17":7,"18":7,"19":2,"20":1},"f":{"0":2},"b":{"0":[2],"1":[1,1],"2":[0],"3":[7]}}
,"D:\\xampp\\htdocs\\mongez\\react\\reinforcements\\src\\utilities\\array\\sum.ts": {"path":"D:\\xampp\\htdocs\\mongez\\react\\reinforcements\\src\\utilities\\array\\sum.ts","statementMap":{"0":{"start":{"line":2,"column":0},"end":{"line":2,"column":38}},"1":{"start":{"line":10,"column":2},"end":{"line":10,"column":38}},"2":{"start":{"line":10,"column":29},"end":{"line":10,"column":38}},"3":{"start":{"line":12,"column":2},"end":{"line":18,"column":8}},"4":{"start":{"line":13,"column":18},"end":{"line":15,"column":20}},"5":{"start":{"line":17,"column":4},"end":{"line":17,"column":48}},"6":{"start":{"line":9,"column":0},"end":{"line":9,"column":24}}},"fnMap":{"0":{"name":"sum","decl":{"start":{"line":9,"column":24},"end":{"line":9,"column":27}},"loc":{"start":{"line":9,"column":65},"end":{"line":19,"column":1}}},"1":{"name":"(anonymous_2)","decl":{"start":{"line":12,"column":22},"end":{"line":12,"column":23}},"loc":{"start":{"line":12,"column":38},"end":{"line":18,"column":3}}}},"branchMap":{"0":{"loc":{"start":{"line":10,"column":2},"end":{"line":10,"column":38}},"type":"if","locations":[{"start":{"line":10,"column":2},"end":{"line":10,"column":38}}]},"1":{"loc":{"start":{"line":13,"column":18},"end":{"line":15,"column":20}},"type":"cond-expr","locations":[{"start":{"line":14,"column":8},"end":{"line":14,"column":50}},{"start":{"line":15,"column":8},"end":{"line":15,"column":20}}]},"2":{"loc":{"start":{"line":17,"column":11},"end":{"line":17,"column":47}},"type":"cond-expr","locations":[{"start":{"line":17,"column":26},"end":{"line":17,"column":31}},{"start":{"line":17,"column":34},"end":{"line":17,"column":47}}]}},"s":{"0":2,"1":11,"2":1,"3":10,"4":32,"5":32,"6":2},"f":{"0":11,"1":32},"b":{"0":[1],"1":[24,8],"2":[6,26]}}
,"D:\\xampp\\htdocs\\mongez\\react\\reinforcements\\src\\utilities\\number\\round.ts": {"path":"D:\\xampp\\htdocs\\mongez\\react\\reinforcements\\src\\utilities\\number\\round.ts","statementMap":{"0":{"start":{"line":9,"column":17},"end":{"line":9,"column":40}},"1":{"start":{"line":11,"column":2},"end":{"line":11,"column":45}},"2":{"start":{"line":8,"column":0},"end":{"line":8,"column":24}}},"fnMap":{"0":{"name":"round","decl":{"start":{"line":8,"column":24},"end":{"line":8,"column":29}},"loc":{"start":{"line":8,"column":58},"end":{"line":12,"column":1}}}},"branchMap":{"0":{"loc":{"start":{"line":8,"column":45},"end":{"line":8,"column":58}},"type":"default-arg","locations":[{"start":{"line":8,"column":57},"end":{"line":8,"column":58}}]}},"s":{"0":0,"1":0,"2":1},"f":{"0":0},"b":{"0":[0]}}
,"D:\\xampp\\htdocs\\mongez\\react\\reinforcements\\src\\utilities\\object\\objClone.ts": {"path":"D:\\xampp\\htdocs\\mongez\\react\\reinforcements\\src\\utilities\\object\\objClone.ts","statementMap":{"0":{"start":{"line":1,"column":0},"end":{"line":1,"column":35}},"1":{"start":{"line":7,"column":2},"end":{"line":7,"column":31}},"2":{"start":{"line":6,"column":0},"end":{"line":6,"column":24}}},"fnMap":{"0":{"name":"clone","decl":{"start":{"line":6,"column":24},"end":{"line":6,"column":29}},"loc":{"start":{"line":6,"column":41},"end":{"line":8,"column":1}}}},"branchMap":{},"s":{"0":1,"1":0,"2":1},"f":{"0":0},"b":{}}
,"D:\\xampp\\htdocs\\mongez\\react\\reinforcements\\src\\utilities\\object\\objExcept.ts": {"path":"D:\\xampp\\htdocs\\mongez\\react\\reinforcements\\src\\utilities\\object\\objExcept.ts","statementMap":{"0":{"start":{"line":10,"column":35},"end":{"line":10,"column":48}},"1":{"start":{"line":12,"column":2},"end":{"line":16,"column":null}},"2":{"start":{"line":13,"column":4},"end":{"line":15,"column":null}},"3":{"start":{"line":14,"column":6},"end":{"line":14,"column":28}},"4":{"start":{"line":18,"column":2},"end":{"line":18,"column":19}},"5":{"start":{"line":6,"column":0},"end":{"line":6,"column":24}}},"fnMap":{"0":{"name":"objExcept","decl":{"start":{"line":6,"column":24},"end":{"line":6,"column":33}},"loc":{"start":{"line":8,"column":21},"end":{"line":19,"column":1}}}},"branchMap":{"0":{"loc":{"start":{"line":13,"column":4},"end":{"line":15,"column":null}},"type":"if","locations":[{"start":{"line":13,"column":4},"end":{"line":15,"column":null}}]}},"s":{"0":0,"1":0,"2":0,"3":0,"4":0,"5":1},"f":{"0":0},"b":{"0":[0]}}
,"D:\\xampp\\htdocs\\mongez\\react\\reinforcements\\src\\utilities\\object\\objFlatten.ts": {"path":"D:\\xampp\\htdocs\\mongez\\react\\reinforcements\\src\\utilities\\object\\objFlatten.ts","statementMap":{"0":{"start":{"line":2,"column":2},"end":{"line":2,"column":44}},"1":{"start":{"line":14,"column":2},"end":{"line":14,"column":52}},"2":{"start":{"line":14,"column":38},"end":{"line":14,"column":52}},"3":{"start":{"line":16,"column":2},"end":{"line":28,"column":null}},"4":{"start":{"line":17,"column":23},"end":{"line":17,"column":34}},"5":{"start":{"line":19,"column":21},"end":{"line":19,"column":60}},"6":{"start":{"line":21,"column":4},"end":{"line":27,"column":null}},"7":{"start":{"line":22,"column":6},"end":{"line":22,"column":29}},"8":{"start":{"line":23,"column":11},"end":{"line":27,"column":null}},"9":{"start":{"line":24,"column":6},"end":{"line":24,"column":48}},"10":{"start":{"line":26,"column":6},"end":{"line":26,"column":29}},"11":{"start":{"line":30,"column":2},"end":{"line":30,"column":14}},"12":{"start":{"line":8,"column":0},"end":{"line":8,"column":24}}},"fnMap":{"0":{"name":"canBeFlatten","decl":{"start":{"line":1,"column":9},"end":{"line":1,"column":21}},"loc":{"start":{"line":1,"column":32},"end":{"line":3,"column":1}}},"1":{"name":"flatten","decl":{"start":{"line":8,"column":24},"end":{"line":8,"column":31}},"loc":{"start":{"line":12,"column":16},"end":{"line":31,"column":1}}}},"branchMap":{"0":{"loc":{"start":{"line":2,"column":9},"end":{"line":2,"column":43}},"type":"binary-expr","locations":[{"start":{"line":2,"column":9},"end":{"line":2,"column":14}},{"start":{"line":2,"column":18},"end":{"line":2,"column":43}}]},"1":{"loc":{"start":{"line":10,"column":2},"end":{"line":10,"column":17}},"type":"default-arg","locations":[{"start":{"line":10,"column":14},"end":{"line":10,"column":17}}]},"2":{"loc":{"start":{"line":11,"column":2},"end":{"line":11,"column":30}},"type":"default-arg","locations":[{"start":{"line":11,"column":26},"end":{"line":11,"column":30}}]},"3":{"loc":{"start":{"line":12,"column":2},"end":{"line":12,"column":16}},"type":"default-arg","locations":[{"start":{"line":12,"column":14},"end":{"line":12,"column":16}}]},"4":{"loc":{"start":{"line":14,"column":2},"end":{"line":14,"column":52}},"type":"if","locations":[{"start":{"line":14,"column":2},"end":{"line":14,"column":52}}]},"5":{"loc":{"start":{"line":19,"column":21},"end":{"line":19,"column":60}},"type":"cond-expr","locations":[{"start":{"line":19,"column":30},"end":{"line":19,"column":54}},{"start":{"line":19,"column":57},"end":{"line":19,"column":60}}]},"6":{"loc":{"start":{"line":21,"column":4},"end":{"line":27,"column":null}},"type":"if","locations":[{"start":{"line":21,"column":4},"end":{"line":27,"column":null}},{"start":{"line":23,"column":11},"end":{"line":27,"column":null}}]},"7":{"loc":{"start":{"line":21,"column":8},"end":{"line":21,"column":50}},"type":"binary-expr","locations":[{"start":{"line":21,"column":8},"end":{"line":21,"column":28}},{"start":{"line":21,"column":32},"end":{"line":21,"column":50}}]},"8":{"loc":{"start":{"line":23,"column":11},"end":{"line":27,"column":null}},"type":"if","locations":[{"start":{"line":23,"column":11},"end":{"line":27,"column":null}},{"start":{"line":25,"column":11},"end":{"line":27,"column":null}}]}},"s":{"0":0,"1":0,"2":0,"3":0,"4":0,"5":0,"6":0,"7":0,"8":0,"9":0,"10":0,"11":0,"12":1},"f":{"0":0,"1":0},"b":{"0":[0,0],"1":[0],"2":[0],"3":[0],"4":[0],"5":[0,0],"6":[0,0],"7":[0,0],"8":[0,0]}}
,"D:\\xampp\\htdocs\\mongez\\react\\reinforcements\\src\\utilities\\object\\objGet.ts": {"path":"D:\\xampp\\htdocs\\mongez\\react\\reinforcements\\src\\utilities\\object\\objGet.ts","statementMap":{"0":{"start":{"line":14,"column":2},"end":{"line":22,"column":null}},"1":{"start":{"line":15,"column":18},"end":{"line":17,"column":68}},"2":{"start":{"line":17,"column":46},"end":{"line":17,"column":59}},"3":{"start":{"line":19,"column":4},"end":{"line":19,"column":50}},"4":{"start":{"line":21,"column":4},"end":{"line":21,"column":20}},"5":{"start":{"line":9,"column":0},"end":{"line":9,"column":24}}},"fnMap":{"0":{"name":"objGet","decl":{"start":{"line":9,"column":24},"end":{"line":9,"column":30}},"loc":{"start":{"line":12,"column":22},"end":{"line":23,"column":1}}},"1":{"name":"(anonymous_1)","decl":{"start":{"line":17,"column":14},"end":{"line":17,"column":15}},"loc":{"start":{"line":17,"column":46},"end":{"line":17,"column":59}}}},"branchMap":{"0":{"loc":{"start":{"line":12,"column":2},"end":{"line":12,"column":22}},"type":"default-arg","locations":[{"start":{"line":12,"column":18},"end":{"line":12,"column":22}}]},"1":{"loc":{"start":{"line":19,"column":11},"end":{"line":19,"column":49}},"type":"cond-expr","locations":[{"start":{"line":19,"column":33},"end":{"line":19,"column":41}},{"start":{"line":19,"column":44},"end":{"line":19,"column":49}}]}},"s":{"0":24,"1":24,"2":30,"3":24,"4":0,"5":3},"f":{"0":24,"1":30},"b":{"0":[24],"1":[6,18]}}
,"D:\\xampp\\htdocs\\mongez\\react\\reinforcements\\src\\utilities\\object\\objMap.ts": {"path":"D:\\xampp\\htdocs\\mongez\\react\\reinforcements\\src\\utilities\\object\\objMap.ts","statementMap":{"0":{"start":{"line":12,"column":2},"end":{"line":14,"column":5}},"1":{"start":{"line":13,"column":4},"end":{"line":13,"column":38}},"2":{"start":{"line":8,"column":0},"end":{"line":8,"column":24}}},"fnMap":{"0":{"name":"objMap","decl":{"start":{"line":8,"column":24},"end":{"line":8,"column":30}},"loc":{"start":{"line":10,"column":44},"end":{"line":15,"column":1}}},"1":{"name":"(anonymous_1)","decl":{"start":{"line":12,"column":33},"end":{"line":12,"column":36}},"loc":{"start":{"line":12,"column":39},"end":{"line":14,"column":3}}}},"branchMap":{},"s":{"0":0,"1":0,"2":1},"f":{"0":0,"1":0},"b":{}}
,"D:\\xampp\\htdocs\\mongez\\react\\reinforcements\\src\\utilities\\object\\objMerge.ts": {"path":"D:\\xampp\\htdocs\\mongez\\react\\reinforcements\\src\\utilities\\object\\objMerge.ts","statementMap":{"0":{"start":{"line":1,"column":0},"end":{"line":1,"column":9}},"1":{"start":{"line":1,"column":9},"end":{"line":1,"column":29}}},"fnMap":{"0":{"name":"(anonymous_0)","decl":{"start":{"line":1,"column":9},"end":{"line":1,"column":18}},"loc":{"start":{"line":1,"column":9},"end":{"line":1,"column":29}}}},"branchMap":{},"s":{"0":1,"1":1},"f":{"0":0},"b":{}}
,"D:\\xampp\\htdocs\\mongez\\react\\reinforcements\\src\\utilities\\object\\objOnly.ts": {"path":"D:\\xampp\\htdocs\\mongez\\react\\reinforcements\\src\\utilities\\object\\objOnly.ts","statementMap":{"0":{"start":{"line":10,"column":35},"end":{"line":10,"column":37}},"1":{"start":{"line":12,"column":2},"end":{"line":16,"column":null}},"2":{"start":{"line":13,"column":4},"end":{"line":15,"column":null}},"3":{"start":{"line":14,"column":6},"end":{"line":14,"column":35}},"4":{"start":{"line":18,"column":2},"end":{"line":18,"column":19}},"5":{"start":{"line":6,"column":0},"end":{"line":6,"column":24}}},"fnMap":{"0":{"name":"objOnly","decl":{"start":{"line":6,"column":24},"end":{"line":6,"column":31}},"loc":{"start":{"line":8,"column":21},"end":{"line":19,"column":1}}}},"branchMap":{"0":{"loc":{"start":{"line":13,"column":4},"end":{"line":15,"column":null}},"type":"if","locations":[{"start":{"line":13,"column":4},"end":{"line":15,"column":null}}]}},"s":{"0":0,"1":0,"2":0,"3":0,"4":0,"5":1},"f":{"0":0},"b":{"0":[0]}}
,"D:\\xampp\\htdocs\\mongez\\react\\reinforcements\\src\\utilities\\object\\objSet.ts": {"path":"D:\\xampp\\htdocs\\mongez\\react\\reinforcements\\src\\utilities\\object\\objSet.ts","statementMap":{"0":{"start":{"line":10,"column":2},"end":{"line":14,"column":null}},"1":{"start":{"line":11,"column":4},"end":{"line":11,"column":24}},"2":{"start":{"line":13,"column":4},"end":{"line":13,"column":18}},"3":{"start":{"line":16,"column":30},"end":{"line":16,"column":44}},"4":{"start":{"line":18,"column":22},"end":{"line":18,"column":28}},"5":{"start":{"line":20,"column":2},"end":{"line":31,"column":null}},"6":{"start":{"line":20,"column":15},"end":{"line":20,"column":16}},"7":{"start":{"line":21,"column":24},"end":{"line":21,"column":31}},"8":{"start":{"line":22,"column":4},"end":{"line":30,"column":null}},"9":{"start":{"line":23,"column":6},"end":{"line":23,"column":33}},"10":{"start":{"line":25,"column":6},"end":{"line":29,"column":null}},"11":{"start":{"line":26,"column":8},"end":{"line":26,"column":48}},"12":{"start":{"line":28,"column":8},"end":{"line":28,"column":70}},"13":{"start":{"line":33,"column":2},"end":{"line":33,"column":16}},"14":{"start":{"line":5,"column":0},"end":{"line":5,"column":24}}},"fnMap":{"0":{"name":"set","decl":{"start":{"line":5,"column":24},"end":{"line":5,"column":27}},"loc":{"start":{"line":8,"column":16},"end":{"line":34,"column":1}}}},"branchMap":{"0":{"loc":{"start":{"line":10,"column":2},"end":{"line":14,"column":null}},"type":"if","locations":[{"start":{"line":10,"column":2},"end":{"line":14,"column":null}}]},"1":{"loc":{"start":{"line":22,"column":4},"end":{"line":30,"column":null}},"type":"if","locations":[{"start":{"line":22,"column":4},"end":{"line":30,"column":null}},{"start":{"line":24,"column":11},"end":{"line":30,"column":null}}]},"2":{"loc":{"start":{"line":25,"column":6},"end":{"line":29,"column":null}},"type":"if","locations":[{"start":{"line":25,"column":6},"end":{"line":29,"column":null}},{"start":{"line":27,"column":13},"end":{"line":29,"column":null}}]}},"s":{"0":0,"1":0,"2":0,"3":0,"4":0,"5":0,"6":0,"7":0,"8":0,"9":0,"10":0,"11":0,"12":0,"13":0,"14":1},"f":{"0":0},"b":{"0":[0],"1":[0,0],"2":[0,0]}}
,"D:\\xampp\\htdocs\\mongez\\react\\reinforcements\\src\\utilities\\object\\objSort.ts": {"path":"D:\\xampp\\htdocs\\mongez\\react\\reinforcements\\src\\utilities\\object\\objSort.ts","statementMap":{"0":{"start":{"line":10,"column":2},"end":{"line":11,"column":18}},"1":{"start":{"line":11,"column":4},"end":{"line":11,"column":18}},"2":{"start":{"line":13,"column":38},"end":{"line":13,"column":40}},"3":{"start":{"line":15,"column":15},"end":{"line":15,"column":41}},"4":{"start":{"line":17,"column":2},"end":{"line":21,"column":5}},"5":{"start":{"line":18,"column":4},"end":{"line":20,"column":20}},"6":{"start":{"line":23,"column":2},"end":{"line":23,"column":22}},"7":{"start":{"line":6,"column":0},"end":{"line":6,"column":24}}},"fnMap":{"0":{"name":"objSort","decl":{"start":{"line":6,"column":24},"end":{"line":6,"column":31}},"loc":{"start":{"line":8,"column":18},"end":{"line":24,"column":1}}},"1":{"name":"(anonymous_1)","decl":{"start":{"line":17,"column":15},"end":{"line":17,"column":16}},"loc":{"start":{"line":17,"column":31},"end":{"line":21,"column":3}}}},"branchMap":{"0":{"loc":{"start":{"line":8,"column":2},"end":{"line":8,"column":18}},"type":"default-arg","locations":[{"start":{"line":8,"column":14},"end":{"line":8,"column":18}}]},"1":{"loc":{"start":{"line":10,"column":2},"end":{"line":11,"column":18}},"type":"if","locations":[{"start":{"line":10,"column":2},"end":{"line":11,"column":18}}]},"2":{"loc":{"start":{"line":10,"column":6},"end":{"line":10,"column":68}},"type":"binary-expr","locations":[{"start":{"line":10,"column":6},"end":{"line":10,"column":13}},{"start":{"line":10,"column":17},"end":{"line":10,"column":43}},{"start":{"line":10,"column":47},"end":{"line":10,"column":68}}]},"3":{"loc":{"start":{"line":18,"column":24},"end":{"line":20,"column":19}},"type":"cond-expr","locations":[{"start":{"line":19,"column":8},"end":{"line":19,"column":45}},{"start":{"line":20,"column":8},"end":{"line":20,"column":19}}]}},"s":{"0":0,"1":0,"2":0,"3":0,"4":0,"5":0,"6":0,"7":1},"f":{"0":0,"1":0},"b":{"0":[0],"1":[0],"2":[0,0,0],"3":[0,0]}}
,"D:\\xampp\\htdocs\\mongez\\react\\reinforcements\\src\\utilities\\str\\capitalize.ts": {"path":"D:\\xampp\\htdocs\\mongez\\react\\reinforcements\\src\\utilities\\str\\capitalize.ts","statementMap":{"0":{"start":{"line":1,"column":0},"end":{"line":1,"column":32}},"1":{"start":{"line":9,"column":2},"end":{"line":12,"column":15}},"2":{"start":{"line":11,"column":17},"end":{"line":11,"column":30}},"3":{"start":{"line":8,"column":0},"end":{"line":8,"column":24}}},"fnMap":{"0":{"name":"capitalize","decl":{"start":{"line":8,"column":24},"end":{"line":8,"column":34}},"loc":{"start":{"line":8,"column":49},"end":{"line":13,"column":1}}},"1":{"name":"(anonymous_2)","decl":{"start":{"line":11,"column":9},"end":{"line":11,"column":13}},"loc":{"start":{"line":11,"column":17},"end":{"line":11,"column":30}}}},"branchMap":{},"s":{"0":1,"1":6,"2":6,"3":1},"f":{"0":6,"1":6},"b":{}}
,"D:\\xampp\\htdocs\\mongez\\react\\reinforcements\\src\\utilities\\str\\extension.ts": {"path":"D:\\xampp\\htdocs\\mongez\\react\\reinforcements\\src\\utilities\\str\\extension.ts","statementMap":{"0":{"start":{"line":5,"column":16},"end":{"line":5,"column":33}},"1":{"start":{"line":6,"column":16},"end":{"line":6,"column":34}},"2":{"start":{"line":8,"column":2},"end":{"line":8,"column":39}},"3":{"start":{"line":4,"column":0},"end":{"line":4,"column":24}}},"fnMap":{"0":{"name":"extension","decl":{"start":{"line":4,"column":24},"end":{"line":4,"column":33}},"loc":{"start":{"line":4,"column":48},"end":{"line":9,"column":1}}}},"branchMap":{"0":{"loc":{"start":{"line":8,"column":9},"end":{"line":8,"column":38}},"type":"cond-expr","locations":[{"start":{"line":8,"column":21},"end":{"line":8,"column":33}},{"start":{"line":8,"column":36},"end":{"line":8,"column":38}}]}},"s":{"0":0,"1":0,"2":0,"3":1},"f":{"0":0},"b":{"0":[0,0]}}
,"D:\\xampp\\htdocs\\mongez\\react\\reinforcements\\src\\utilities\\str\\ltrim.ts": {"path":"D:\\xampp\\htdocs\\mongez\\react\\reinforcements\\src\\utilities\\str\\ltrim.ts","statementMap":{"0":{"start":{"line":1,"column":0},"end":{"line":1,"column":47}},"1":{"start":{"line":10,"column":18},"end":{"line":10,"column":49}},"2":{"start":{"line":11,"column":12},"end":{"line":11,"column":36}},"3":{"start":{"line":13,"column":2},"end":{"line":13,"column":35}},"4":{"start":{"line":9,"column":0},"end":{"line":9,"column":24}}},"fnMap":{"0":{"name":"ltrim","decl":{"start":{"line":9,"column":24},"end":{"line":9,"column":29}},"loc":{"start":{"line":9,"column":58},"end":{"line":14,"column":1}}}},"branchMap":{"0":{"loc":{"start":{"line":9,"column":46},"end":{"line":9,"column":58}},"type":"default-arg","locations":[{"start":{"line":9,"column":55},"end":{"line":9,"column":58}}]}},"s":{"0":1,"1":0,"2":0,"3":0,"4":1},"f":{"0":0},"b":{"0":[0]}}
,"D:\\xampp\\htdocs\\mongez\\react\\reinforcements\\src\\utilities\\str\\readMoreChars.ts": {"path":"D:\\xampp\\htdocs\\mongez\\react\\reinforcements\\src\\utilities\\str\\readMoreChars.ts","statementMap":{"0":{"start":{"line":10,"column":2},"end":{"line":10,"column":45}},"1":{"start":{"line":10,"column":31},"end":{"line":10,"column":45}},"2":{"start":{"line":12,"column":2},"end":{"line":12,"column":52}},"3":{"start":{"line":5,"column":0},"end":{"line":5,"column":24}}},"fnMap":{"0":{"name":"readMoreChars","decl":{"start":{"line":5,"column":24},"end":{"line":5,"column":37}},"loc":{"start":{"line":8,"column":22},"end":{"line":13,"column":1}}}},"branchMap":{"0":{"loc":{"start":{"line":8,"column":2},"end":{"line":8,"column":22}},"type":"default-arg","locations":[{"start":{"line":8,"column":17},"end":{"line":8,"column":22}}]},"1":{"loc":{"start":{"line":10,"column":2},"end":{"line":10,"column":45}},"type":"if","locations":[{"start":{"line":10,"column":2},"end":{"line":10,"column":45}}]}},"s":{"0":0,"1":0,"2":0,"3":1},"f":{"0":0},"b":{"0":[0],"1":[0]}}
,"D:\\xampp\\htdocs\\mongez\\react\\reinforcements\\src\\utilities\\str\\readMoreWords.ts": {"path":"D:\\xampp\\htdocs\\mongez\\react\\reinforcements\\src\\utilities\\str\\readMoreWords.ts","statementMap":{"0":{"start":{"line":10,"column":20},"end":{"line":10,"column":37}},"1":{"start":{"line":11,"column":16},"end":{"line":11,"column":42}},"2":{"start":{"line":13,"column":2},"end":{"line":15,"column":4}},"3":{"start":{"line":5,"column":0},"end":{"line":5,"column":24}}},"fnMap":{"0":{"name":"readMoreWords","decl":{"start":{"line":5,"column":24},"end":{"line":5,"column":37}},"loc":{"start":{"line":8,"column":22},"end":{"line":16,"column":1}}}},"branchMap":{"0":{"loc":{"start":{"line":8,"column":2},"end":{"line":8,"column":22}},"type":"default-arg","locations":[{"start":{"line":8,"column":17},"end":{"line":8,"column":22}}]},"1":{"loc":{"start":{"line":14,"column":23},"end":{"line":14,"column":74}},"type":"cond-expr","locations":[{"start":{"line":14,"column":57},"end":{"line":14,"column":69}},{"start":{"line":14,"column":72},"end":{"line":14,"column":74}}]}},"s":{"0":0,"1":0,"2":0,"3":1},"f":{"0":0},"b":{"0":[0],"1":[0,0]}}
,"D:\\xampp\\htdocs\\mongez\\react\\reinforcements\\src\\utilities\\str\\removeFirst.ts": {"path":"D:\\xampp\\htdocs\\mongez\\react\\reinforcements\\src\\utilities\\str\\removeFirst.ts","statementMap":{"0":{"start":{"line":1,"column":0},"end":{"line":1,"column":42}},"1":{"start":{"line":10,"column":2},"end":{"line":10,"column":42}},"2":{"start":{"line":9,"column":0},"end":{"line":9,"column":24}}},"fnMap":{"0":{"name":"removeFirst","decl":{"start":{"line":9,"column":24},"end":{"line":9,"column":35}},"loc":{"start":{"line":9,"column":66},"end":{"line":11,"column":1}}}},"branchMap":{},"s":{"0":1,"1":0,"2":1},"f":{"0":0},"b":{}}
,"D:\\xampp\\htdocs\\mongez\\react\\reinforcements\\src\\utilities\\str\\removeLast.ts": {"path":"D:\\xampp\\htdocs\\mongez\\react\\reinforcements\\src\\utilities\\str\\removeLast.ts","statementMap":{"0":{"start":{"line":1,"column":0},"end":{"line":1,"column":40}},"1":{"start":{"line":10,"column":2},"end":{"line":10,"column":41}},"2":{"start":{"line":9,"column":0},"end":{"line":9,"column":24}}},"fnMap":{"0":{"name":"removeLast","decl":{"start":{"line":9,"column":24},"end":{"line":9,"column":34}},"loc":{"start":{"line":9,"column":65},"end":{"line":11,"column":1}}}},"branchMap":{},"s":{"0":1,"1":0,"2":1},"f":{"0":0},"b":{}}
,"D:\\xampp\\htdocs\\mongez\\react\\reinforcements\\src\\utilities\\str\\repeatsOf.ts": {"path":"D:\\xampp\\htdocs\\mongez\\react\\reinforcements\\src\\utilities\\str\\repeatsOf.ts","statementMap":{"0":{"start":{"line":12,"column":14},"end":{"line":12,"column":17}},"1":{"start":{"line":13,"column":2},"end":{"line":15,"column":null}},"2":{"start":{"line":14,"column":4},"end":{"line":14,"column":17}},"3":{"start":{"line":17,"column":16},"end":{"line":17,"column":46}},"4":{"start":{"line":19,"column":2},"end":{"line":19,"column":40}},"5":{"start":{"line":7,"column":0},"end":{"line":7,"column":24}}},"fnMap":{"0":{"name":"repeatsOf","decl":{"start":{"line":7,"column":24},"end":{"line":7,"column":33}},"loc":{"start":{"line":10,"column":22},"end":{"line":20,"column":1}}}},"branchMap":{"0":{"loc":{"start":{"line":10,"column":2},"end":{"line":10,"column":22}},"type":"default-arg","locations":[{"start":{"line":10,"column":18},"end":{"line":10,"column":22}}]},"1":{"loc":{"start":{"line":13,"column":2},"end":{"line":15,"column":null}},"type":"if","locations":[{"start":{"line":13,"column":2},"end":{"line":15,"column":null}}]}},"s":{"0":0,"1":0,"2":0,"3":0,"4":0,"5":1},"f":{"0":0},"b":{"0":[0],"1":[0]}}
,"D:\\xampp\\htdocs\\mongez\\react\\reinforcements\\src\\utilities\\str\\replaceAll.ts": {"path":"D:\\xampp\\htdocs\\mongez\\react\\reinforcements\\src\\utilities\\str\\replaceAll.ts","statementMap":{"0":{"start":{"line":1,"column":0},"end":{"line":1,"column":47}},"1":{"start":{"line":15,"column":2},"end":{"line":15,"column":79}},"2":{"start":{"line":10,"column":0},"end":{"line":10,"column":24}}},"fnMap":{"0":{"name":"replaceAll","decl":{"start":{"line":10,"column":24},"end":{"line":10,"column":34}},"loc":{"start":{"line":13,"column":21},"end":{"line":16,"column":1}}}},"branchMap":{},"s":{"0":1,"1":0,"2":1},"f":{"0":0},"b":{}}
,"D:\\xampp\\htdocs\\mongez\\react\\reinforcements\\src\\utilities\\str\\replaceFirst.ts": {"path":"D:\\xampp\\htdocs\\mongez\\react\\reinforcements\\src\\utilities\\str\\replaceFirst.ts","statementMap":{"0":{"start":{"line":1,"column":0},"end":{"line":1,"column":47}},"1":{"start":{"line":15,"column":2},"end":{"line":15,"column":58}},"2":{"start":{"line":10,"column":0},"end":{"line":10,"column":24}}},"fnMap":{"0":{"name":"replaceFirst","decl":{"start":{"line":10,"column":24},"end":{"line":10,"column":36}},"loc":{"start":{"line":13,"column":21},"end":{"line":16,"column":1}}}},"branchMap":{},"s":{"0":1,"1":0,"2":1},"f":{"0":0},"b":{}}
,"D:\\xampp\\htdocs\\mongez\\react\\reinforcements\\src\\utilities\\str\\replaceLast.ts": {"path":"D:\\xampp\\htdocs\\mongez\\react\\reinforcements\\src\\utilities\\str\\replaceLast.ts","statementMap":{"0":{"start":{"line":13,"column":20},"end":{"line":13,"column":46}},"1":{"start":{"line":15,"column":2},"end":{"line":17,"column":null}},"2":{"start":{"line":16,"column":4},"end":{"line":16,"column":18}},"3":{"start":{"line":19,"column":2},"end":{"line":23,"column":4}},"4":{"start":{"line":8,"column":0},"end":{"line":8,"column":24}}},"fnMap":{"0":{"name":"replaceLast","decl":{"start":{"line":8,"column":24},"end":{"line":8,"column":35}},"loc":{"start":{"line":11,"column":21},"end":{"line":24,"column":1}}}},"branchMap":{"0":{"loc":{"start":{"line":15,"column":2},"end":{"line":17,"column":null}},"type":"if","locations":[{"start":{"line":15,"column":2},"end":{"line":17,"column":null}}]}},"s":{"0":0,"1":0,"2":0,"3":0,"4":1},"f":{"0":0},"b":{"0":[0]}}
,"D:\\xampp\\htdocs\\mongez\\react\\reinforcements\\src\\utilities\\str\\rtrim.ts": {"path":"D:\\xampp\\htdocs\\mongez\\react\\reinforcements\\src\\utilities\\str\\rtrim.ts","statementMap":{"0":{"start":{"line":1,"column":0},"end":{"line":1,"column":47}},"1":{"start":{"line":10,"column":18},"end":{"line":10,"column":44}},"2":{"start":{"line":11,"column":12},"end":{"line":11,"column":36}},"3":{"start":{"line":13,"column":2},"end":{"line":13,"column":35}},"4":{"start":{"line":9,"column":0},"end":{"line":9,"column":24}}},"fnMap":{"0":{"name":"rtrim","decl":{"start":{"line":9,"column":24},"end":{"line":9,"column":29}},"loc":{"start":{"line":9,"column":58},"end":{"line":14,"column":1}}}},"branchMap":{"0":{"loc":{"start":{"line":9,"column":46},"end":{"line":9,"column":58}},"type":"default-arg","locations":[{"start":{"line":9,"column":55},"end":{"line":9,"column":58}}]}},"s":{"0":1,"1":0,"2":0,"3":0,"4":1},"f":{"0":0},"b":{"0":[0]}}
,"D:\\xampp\\htdocs\\mongez\\react\\reinforcements\\src\\utilities\\str\\startsWithArabic.ts": {"path":"D:\\xampp\\htdocs\\mongez\\react\\reinforcements\\src\\utilities\\str\\startsWithArabic.ts","statementMap":{"0":{"start":{"line":1,"column":0},"end":{"line":1,"column":26}},"1":{"start":{"line":3,"column":13},"end":{"line":3,"column":48}},"2":{"start":{"line":9,"column":2},"end":{"line":11,"column":null}},"3":{"start":{"line":10,"column":4},"end":{"line":10,"column":30}},"4":{"start":{"line":12,"column":2},"end":{"line":12,"column":55}},"5":{"start":{"line":5,"column":0},"end":{"line":5,"column":24}}},"fnMap":{"0":{"name":"startsWithArabic","decl":{"start":{"line":5,"column":24},"end":{"line":5,"column":40}},"loc":{"start":{"line":7,"column":16},"end":{"line":13,"column":1}}}},"branchMap":{"0":{"loc":{"start":{"line":7,"column":2},"end":{"line":7,"column":16}},"type":"default-arg","locations":[{"start":{"line":7,"column":12},"end":{"line":7,"column":16}}]},"1":{"loc":{"start":{"line":9,"column":2},"end":{"line":11,"column":null}},"type":"if","locations":[{"start":{"line":9,"column":2},"end":{"line":11,"column":null}}]}},"s":{"0":1,"1":1,"2":0,"3":0,"4":0,"5":1},"f":{"0":0},"b":{"0":[0],"1":[0]}}
,"D:\\xampp\\htdocs\\mongez\\react\\reinforcements\\src\\utilities\\str\\toCamelCase.ts": {"path":"D:\\xampp\\htdocs\\mongez\\react\\reinforcements\\src\\utilities\\str\\toCamelCase.ts","statementMap":{"0":{"start":{"line":1,"column":0},"end":{"line":1,"column":38}},"1":{"start":{"line":7,"column":16},"end":{"line":7,"column":57}},"2":{"start":{"line":9,"column":2},"end":{"line":12,"column":14}},"3":{"start":{"line":11,"column":27},"end":{"line":11,"column":76}},"4":{"start":{"line":3,"column":0},"end":{"line":3,"column":24}}},"fnMap":{"0":{"name":"toCamelCase","decl":{"start":{"line":3,"column":24},"end":{"line":3,"column":35}},"loc":{"start":{"line":5,"column":30},"end":{"line":13,"column":1}}},"1":{"name":"(anonymous_2)","decl":{"start":{"line":11,"column":9},"end":{"line":11,"column":10}},"loc":{"start":{"line":11,"column":27},"end":{"line":11,"column":76}}}},"branchMap":{"0":{"loc":{"start":{"line":5,"column":2},"end":{"line":5,"column":30}},"type":"default-arg","locations":[{"start":{"line":5,"column":14},"end":{"line":5,"column":30}}]},"1":{"loc":{"start":{"line":11,"column":27},"end":{"line":11,"column":76}},"type":"cond-expr","locations":[{"start":{"line":11,"column":39},"end":{"line":11,"column":55}},{"start":{"line":11,"column":58},"end":{"line":11,"column":76}}]}},"s":{"0":1,"1":9,"2":9,"3":15,"4":1},"f":{"0":9,"1":15},"b":{"0":[9],"1":[6,9]}}
,"D:\\xampp\\htdocs\\mongez\\react\\reinforcements\\src\\utilities\\str\\toInputName.ts": {"path":"D:\\xampp\\htdocs\\mongez\\react\\reinforcements\\src\\utilities\\str\\toInputName.ts","statementMap":{"0":{"start":{"line":1,"column":0},"end":{"line":1,"column":28}},"1":{"start":{"line":11,"column":2},"end":{"line":11,"column":25}},"2":{"start":{"line":11,"column":15},"end":{"line":11,"column":25}},"3":{"start":{"line":13,"column":2},"end":{"line":13,"column":43}},"4":{"start":{"line":13,"column":29},"end":{"line":13,"column":43}},"5":{"start":{"line":15,"column":20},"end":{"line":15,"column":37}},"6":{"start":{"line":16,"column":17},"end":{"line":16,"column":40}},"7":{"start":{"line":18,"column":2},"end":{"line":26,"column":null}},"8":{"start":{"line":19,"column":22},"end":{"line":19,"column":24}},"9":{"start":{"line":20,"column":4},"end":{"line":23,"column":null}},"10":{"start":{"line":21,"column":6},"end":{"line":21,"column":31}},"11":{"start":{"line":22,"column":6},"end":{"line":22,"column":25}},"12":{"start":{"line":25,"column":4},"end":{"line":25,"column":42}},"13":{"start":{"line":28,"column":2},"end":{"line":28,"column":18}},"14":{"start":{"line":10,"column":0},"end":{"line":10,"column":24}}},"fnMap":{"0":{"name":"toInputName","decl":{"start":{"line":10,"column":24},"end":{"line":10,"column":35}},"loc":{"start":{"line":10,"column":50},"end":{"line":29,"column":1}}}},"branchMap":{"0":{"loc":{"start":{"line":11,"column":2},"end":{"line":11,"column":25}},"type":"if","locations":[{"start":{"line":11,"column":2},"end":{"line":11,"column":25}}]},"1":{"loc":{"start":{"line":13,"column":2},"end":{"line":13,"column":43}},"type":"if","locations":[{"start":{"line":13,"column":2},"end":{"line":13,"column":43}}]},"2":{"loc":{"start":{"line":16,"column":17},"end":{"line":16,"column":40}},"type":"binary-expr","locations":[{"start":{"line":16,"column":17},"end":{"line":16,"column":34}},{"start":{"line":16,"column":38},"end":{"line":16,"column":40}}]},"3":{"loc":{"start":{"line":20,"column":4},"end":{"line":23,"column":null}},"type":"if","locations":[{"start":{"line":20,"column":4},"end":{"line":23,"column":null}}]}},"s":{"0":1,"1":0,"2":0,"3":0,"4":0,"5":0,"6":0,"7":0,"8":0,"9":0,"10":0,"11":0,"12":0,"13":0,"14":1},"f":{"0":0},"b":{"0":[0],"1":[0],"2":[0,0],"3":[0]}}
,"D:\\xampp\\htdocs\\mongez\\react\\reinforcements\\src\\utilities\\str\\toSnakeCase.ts": {"path":"D:\\xampp\\htdocs\\mongez\\react\\reinforcements\\src\\utilities\\str\\toSnakeCase.ts","statementMap":{"0":{"start":{"line":8,"column":2},"end":{"line":17,"column":4}},"1":{"start":{"line":11,"column":6},"end":{"line":11,"column":42}},"2":{"start":{"line":11,"column":31},"end":{"line":11,"column":42}},"3":{"start":{"line":13,"column":6},"end":{"line":15,"column":8}},"4":{"start":{"line":7,"column":0},"end":{"line":7,"column":24}}},"fnMap":{"0":{"name":"toSnakeCase","decl":{"start":{"line":7,"column":24},"end":{"line":7,"column":35}},"loc":{"start":{"line":7,"column":67},"end":{"line":18,"column":1}}},"1":{"name":"(anonymous_1)","decl":{"start":{"line":10,"column":4},"end":{"line":10,"column":14}},"loc":{"start":{"line":10,"column":45},"end":{"line":16,"column":5}}}},"branchMap":{"0":{"loc":{"start":{"line":7,"column":52},"end":{"line":7,"column":67}},"type":"default-arg","locations":[{"start":{"line":7,"column":63},"end":{"line":7,"column":67}}]},"1":{"loc":{"start":{"line":11,"column":6},"end":{"line":11,"column":42}},"type":"if","locations":[{"start":{"line":11,"column":6},"end":{"line":11,"column":42}}]},"2":{"loc":{"start":{"line":14,"column":15},"end":{"line":14,"column":79}},"type":"cond-expr","locations":[{"start":{"line":14,"column":26},"end":{"line":14,"column":58}},{"start":{"line":14,"column":61},"end":{"line":14,"column":79}}]}},"s":{"0":0,"1":0,"2":0,"3":0,"4":1},"f":{"0":0,"1":0},"b":{"0":[0],"1":[0],"2":[0,0]}}
,"D:\\xampp\\htdocs\\mongez\\react\\reinforcements\\src\\utilities\\str\\toStudlyCase.ts": {"path":"D:\\xampp\\htdocs\\mongez\\react\\reinforcements\\src\\utilities\\str\\toStudlyCase.ts","statementMap":{"0":{"start":{"line":1,"column":0},"end":{"line":1,"column":38}},"1":{"start":{"line":15,"column":16},"end":{"line":15,"column":42}},"2":{"start":{"line":16,"column":2},"end":{"line":19,"column":14}},"3":{"start":{"line":18,"column":17},"end":{"line":18,"column":33}},"4":{"start":{"line":11,"column":0},"end":{"line":11,"column":24}}},"fnMap":{"0":{"name":"toStudlyCase","decl":{"start":{"line":11,"column":24},"end":{"line":11,"column":36}},"loc":{"start":{"line":13,"column":29},"end":{"line":20,"column":1}}},"1":{"name":"(anonymous_2)","decl":{"start":{"line":18,"column":9},"end":{"line":18,"column":13}},"loc":{"start":{"line":18,"column":17},"end":{"line":18,"column":33}}}},"branchMap":{"0":{"loc":{"start":{"line":13,"column":2},"end":{"line":13,"column":29}},"type":"default-arg","locations":[{"start":{"line":13,"column":14},"end":{"line":13,"column":29}}]}},"s":{"0":1,"1":0,"2":0,"3":0,"4":1},"f":{"0":0,"1":0},"b":{"0":[0]}}
,"D:\\xampp\\htdocs\\mongez\\react\\reinforcements\\src\\utilities\\str\\trim.ts": {"path":"D:\\xampp\\htdocs\\mongez\\react\\reinforcements\\src\\utilities\\str\\trim.ts","statementMap":{"0":{"start":{"line":1,"column":0},"end":{"line":1,"column":47}},"1":{"start":{"line":10,"column":2},"end":{"line":12,"column":null}},"2":{"start":{"line":11,"column":4},"end":{"line":11,"column":44}},"3":{"start":{"line":14,"column":2},"end":{"line":14,"column":31}},"4":{"start":{"line":16,"column":18},"end":{"line":16,"column":53}},"5":{"start":{"line":17,"column":12},"end":{"line":17,"column":36}},"6":{"start":{"line":19,"column":2},"end":{"line":19,"column":35}},"7":{"start":{"line":9,"column":0},"end":{"line":9,"column":24}}},"fnMap":{"0":{"name":"trim","decl":{"start":{"line":9,"column":24},"end":{"line":9,"column":28}},"loc":{"start":{"line":9,"column":57},"end":{"line":20,"column":1}}}},"branchMap":{"0":{"loc":{"start":{"line":9,"column":45},"end":{"line":9,"column":57}},"type":"default-arg","locations":[{"start":{"line":9,"column":54},"end":{"line":9,"column":57}}]},"1":{"loc":{"start":{"line":10,"column":2},"end":{"line":12,"column":null}},"type":"if","locations":[{"start":{"line":10,"column":2},"end":{"line":12,"column":null}}]}},"s":{"0":1,"1":0,"2":0,"3":0,"4":0,"5":0,"6":0,"7":1},"f":{"0":0},"b":{"0":[0],"1":[0]}}
,"D:\\xampp\\htdocs\\mongez\\react\\reinforcements\\src\\utilities\\str\\ucfirst.ts": {"path":"D:\\xampp\\htdocs\\mongez\\react\\reinforcements\\src\\utilities\\str\\ucfirst.ts","statementMap":{"0":{"start":{"line":7,"column":2},"end":{"line":7,"column":58}},"1":{"start":{"line":6,"column":0},"end":{"line":6,"column":24}}},"fnMap":{"0":{"name":"ucfirst","decl":{"start":{"line":6,"column":24},"end":{"line":6,"column":31}},"loc":{"start":{"line":6,"column":46},"end":{"line":8,"column":1}}}},"branchMap":{},"s":{"0":6,"1":1},"f":{"0":6},"b":{}}
,"D:\\xampp\\htdocs\\mongez\\react\\reinforcements\\src\\utilities\\utils\\debounce.ts": {"path":"D:\\xampp\\htdocs\\mongez\\react\\reinforcements\\src\\utilities\\utils\\debounce.ts","statementMap":{"0":{"start":{"line":5,"column":2},"end":{"line":8,"column":null}},"1":{"start":{"line":6,"column":4},"end":{"line":6,"column":28}},"2":{"start":{"line":7,"column":4},"end":{"line":7,"column":26}},"3":{"start":{"line":11,"column":2},"end":{"line":14,"column":11}},"4":{"start":{"line":12,"column":4},"end":{"line":12,"column":15}},"5":{"start":{"line":13,"column":4},"end":{"line":13,"column":26}},"6":{"start":{"line":3,"column":0},"end":{"line":3,"column":24}}},"fnMap":{"0":{"name":"debounce","decl":{"start":{"line":3,"column":24},"end":{"line":3,"column":32}},"loc":{"start":{"line":3,"column":63},"end":{"line":15,"column":1}}},"1":{"name":"(anonymous_1)","decl":{"start":{"line":11,"column":25},"end":{"line":11,"column":28}},"loc":{"start":{"line":11,"column":30},"end":{"line":14,"column":3}}}},"branchMap":{"0":{"loc":{"start":{"line":3,"column":55},"end":{"line":3,"column":63}},"type":"default-arg","locations":[{"start":{"line":3,"column":62},"end":{"line":3,"column":63}}]},"1":{"loc":{"start":{"line":5,"column":2},"end":{"line":8,"column":null}},"type":"if","locations":[{"start":{"line":5,"column":2},"end":{"line":8,"column":null}}]}},"s":{"0":0,"1":0,"2":0,"3":0,"4":0,"5":0,"6":1},"f":{"0":0,"1":0},"b":{"0":[0],"1":[0]}}
,"D:\\xampp\\htdocs\\mongez\\react\\reinforcements\\src\\utilities\\utils\\escapeRegex.ts": {"path":"D:\\xampp\\htdocs\\mongez\\react\\reinforcements\\src\\utilities\\utils\\escapeRegex.ts","statementMap":{"0":{"start":{"line":5,"column":2},"end":{"line":5,"column":55}},"1":{"start":{"line":4,"column":0},"end":{"line":4,"column":24}}},"fnMap":{"0":{"name":"escapeRegex","decl":{"start":{"line":4,"column":24},"end":{"line":4,"column":35}},"loc":{"start":{"line":4,"column":50},"end":{"line":6,"column":1}}}},"branchMap":{},"s":{"0":0,"1":1},"f":{"0":0},"b":{}}
,"D:\\xampp\\htdocs\\mongez\\react\\reinforcements\\src\\utilities\\utils\\random.ts": {"path":"D:\\xampp\\htdocs\\mongez\\react\\reinforcements\\src\\utilities\\utils\\random.ts","statementMap":{"0":{"start":{"line":10,"column":4},"end":{"line":10,"column":61}},"1":{"start":{"line":21,"column":15},"end":{"line":21,"column":17}},"2":{"start":{"line":23,"column":6},"end":{"line":23,"column":70}},"3":{"start":{"line":25,"column":4},"end":{"line":27,"column":null}},"4":{"start":{"line":25,"column":17},"end":{"line":25,"column":18}},"5":{"start":{"line":26,"column":6},"end":{"line":26,"column":75}},"6":{"start":{"line":29,"column":4},"end":{"line":29,"column":16}},"7":{"start":{"line":40,"column":4},"end":{"line":40,"column":46}},"8":{"start":{"line":47,"column":4},"end":{"line":47,"column":34}},"9":{"start":{"line":56,"column":4},"end":{"line":56,"column":25}},"10":{"start":{"line":1,"column":0},"end":{"line":1,"column":21}}},"fnMap":{"0":{"name":"(anonymous_0)","decl":{"start":{"line":9,"column":2},"end":{"line":9,"column":8}},"loc":{"start":{"line":9,"column":35},"end":{"line":11,"column":3}}},"1":{"name":"(anonymous_1)","decl":{"start":{"line":20,"column":2},"end":{"line":20,"column":8}},"loc":{"start":{"line":20,"column":27},"end":{"line":30,"column":3}}},"2":{"name":"(anonymous_2)","decl":{"start":{"line":39,"column":2},"end":{"line":39,"column":8}},"loc":{"start":{"line":39,"column":42},"end":{"line":41,"column":3}}},"3":{"name":"(anonymous_3)","decl":{"start":{"line":46,"column":2},"end":{"line":46,"column":8}},"loc":{"start":{"line":46,"column":13},"end":{"line":48,"column":3}}},"4":{"name":"(anonymous_4)","decl":{"start":{"line":55,"column":2},"end":{"line":55,"column":8}},"loc":{"start":{"line":55,"column":16},"end":{"line":57,"column":3}}}},"branchMap":{"0":{"loc":{"start":{"line":9,"column":13},"end":{"line":9,"column":20}},"type":"default-arg","locations":[{"start":{"line":9,"column":19},"end":{"line":9,"column":20}}]},"1":{"loc":{"start":{"line":9,"column":22},"end":{"line":9,"column":35}},"type":"default-arg","locations":[{"start":{"line":9,"column":28},"end":{"line":9,"column":35}}]},"2":{"loc":{"start":{"line":20,"column":16},"end":{"line":20,"column":27}},"type":"default-arg","locations":[{"start":{"line":20,"column":25},"end":{"line":20,"column":27}}]},"3":{"loc":{"start":{"line":39,"column":12},"end":{"line":39,"column":22}},"type":"default-arg","locations":[{"start":{"line":39,"column":21},"end":{"line":39,"column":22}}]},"4":{"loc":{"start":{"line":39,"column":24},"end":{"line":39,"column":42}},"type":"default-arg","locations":[{"start":{"line":39,"column":37},"end":{"line":39,"column":42}}]}},"s":{"0":0,"1":0,"2":0,"3":0,"4":0,"5":0,"6":0,"7":0,"8":0,"9":0,"10":1},"f":{"0":0,"1":0,"2":0,"3":0,"4":0},"b":{"0":[0],"1":[0],"2":[0],"3":[0],"4":[0]}}
,"D:\\xampp\\htdocs\\mongez\\react\\reinforcements\\tests\\data.ts": {"path":"D:\\xampp\\htdocs\\mongez\\react\\reinforcements\\tests\\data.ts","statementMap":{"0":{"start":{"line":1,"column":13},"end":{"line":29,"column":2}},"1":{"start":{"line":31,"column":13},"end":{"line":62,"column":2}}},"fnMap":{},"branchMap":{},"s":{"0":4,"1":4},"f":{},"b":{}}
,"D:\\xampp\\htdocs\\mongez\\react\\reinforcements\\tests\\utils.ts": {"path":"D:\\xampp\\htdocs\\mongez\\react\\reinforcements\\tests\\utils.ts","statementMap":{"0":{"start":{"line":1,"column":28},"end":{"line":1,"column":58}},"1":{"start":{"line":1,"column":53},"end":{"line":1,"column":58}},"2":{"start":{"line":1,"column":13},"end":{"line":1,"column":28}}},"fnMap":{"0":{"name":"(anonymous_0)","decl":{"start":{"line":1,"column":28},"end":{"line":1,"column":29}},"loc":{"start":{"line":1,"column":53},"end":{"line":1,"column":58}}}},"branchMap":{},"s":{"0":3,"1":12,"2":3},"f":{"0":12},"b":{}}
}
