TN:
SF:src\Collection.ts
FN:10,(anonymous_0)
FNF:1
FNH:0
FNDA:0,(anonymous_0)
DA:1,1
DA:5,0
DA:11,0
LF:3
LH:1
BRF:0
BRH:0
end_of_record
TN:
SF:src\index.ts
FN:1,(anonymous_1)
FN:2,(anonymous_2)
FN:3,(anonymous_3)
FN:4,(anonymous_4)
FN:5,(anonymous_5)
FN:6,(anonymous_6)
FN:7,(anonymous_7)
FN:8,(anonymous_8)
FN:9,(anonymous_9)
FN:10,(anonymous_10)
FN:11,(anonymous_11)
FN:12,(anonymous_12)
FN:13,(anonymous_13)
FN:14,(anonymous_14)
FN:15,(anonymous_15)
FN:16,(anonymous_16)
FN:17,(anonymous_17)
FN:18,(anonymous_18)
FN:19,(anonymous_19)
FN:20,(anonymous_20)
FN:21,(anonymous_21)
FN:22,(anonymous_22)
FN:23,(anonymous_23)
FN:24,(anonymous_24)
FN:26,(anonymous_25)
FN:27,(anonymous_26)
FN:29,(anonymous_27)
FN:30,(anonymous_28)
FN:31,(anonymous_29)
FN:32,(anonymous_30)
FN:33,(anonymous_31)
FN:34,(anonymous_32)
FN:35,(anonymous_33)
FN:36,(anonymous_34)
FN:37,(anonymous_35)
FNF:35
FNH:1
FNDA:0,(anonymous_1)
FNDA:0,(anonymous_2)
FNDA:0,(anonymous_3)
FNDA:0,(anonymous_4)
FNDA:0,(anonymous_5)
FNDA:0,(anonymous_6)
FNDA:0,(anonymous_7)
FNDA:0,(anonymous_8)
FNDA:0,(anonymous_9)
FNDA:0,(anonymous_10)
FNDA:0,(anonymous_11)
FNDA:0,(anonymous_12)
FNDA:0,(anonymous_13)
FNDA:0,(anonymous_14)
FNDA:0,(anonymous_15)
FNDA:0,(anonymous_16)
FNDA:0,(anonymous_17)
FNDA:0,(anonymous_18)
FNDA:0,(anonymous_19)
FNDA:0,(anonymous_20)
FNDA:0,(anonymous_21)
FNDA:0,(anonymous_22)
FNDA:0,(anonymous_23)
FNDA:0,(anonymous_24)
FNDA:0,(anonymous_25)
FNDA:0,(anonymous_26)
FNDA:9,(anonymous_27)
FNDA:0,(anonymous_28)
FNDA:0,(anonymous_29)
FNDA:0,(anonymous_30)
FNDA:0,(anonymous_31)
FNDA:0,(anonymous_32)
FNDA:0,(anonymous_33)
FNDA:0,(anonymous_34)
FNDA:0,(anonymous_35)
DA:1,1
DA:2,1
DA:3,1
DA:4,1
DA:5,1
DA:6,1
DA:7,1
DA:8,1
DA:9,1
DA:10,1
DA:11,1
DA:12,1
DA:13,1
DA:14,1
DA:15,1
DA:16,1
DA:17,1
DA:18,1
DA:19,1
DA:20,1
DA:21,1
DA:22,1
DA:23,1
DA:24,1
DA:25,1
DA:26,1
DA:27,1
DA:29,10
DA:30,1
DA:31,1
DA:32,1
DA:33,1
DA:34,1
DA:35,1
DA:36,1
DA:37,1
LF:36
LH:36
BRF:0
BRH:0
end_of_record
TN:
SF:src\obj.ts
FN:23,(anonymous_1)
FN:34,(anonymous_2)
FN:48,(anonymous_3)
FN:58,(anonymous_4)
FN:66,(anonymous_5)
FN:77,(anonymous_6)
FN:91,(anonymous_7)
FN:105,(anonymous_8)
FN:115,(anonymous_9)
FNF:9
FNH:0
FNDA:0,(anonymous_1)
FNDA:0,(anonymous_2)
FNDA:0,(anonymous_3)
FNDA:0,(anonymous_4)
FNDA:0,(anonymous_5)
FNDA:0,(anonymous_6)
FNDA:0,(anonymous_7)
FNDA:0,(anonymous_8)
FNDA:0,(anonymous_9)
DA:2,1
DA:3,1
DA:4,1
DA:5,1
DA:6,1
DA:7,1
DA:8,1
DA:9,1
DA:10,1
DA:18,1
DA:28,0
DA:39,0
DA:49,0
DA:59,0
DA:67,0
DA:81,0
DA:95,0
DA:109,0
DA:121,0
LF:19
LH:10
BRDA:37,0,0,0
BRDA:117,1,0,0
BRDA:118,2,0,0
BRDA:119,3,0,0
BRF:4
BRH:0
end_of_record
TN:
SF:src\utilities\array\average.ts
FN:8,average
FNF:1
FNH:1
FNDA:11,average
DA:1,1
DA:8,1
DA:9,11
DA:11,5
LF:4
LH:4
BRDA:9,0,0,6
BRF:1
BRH:1
end_of_record
TN:
SF:src\utilities\array\chunk.ts
FN:4,chunk
FNF:1
FNH:1
FNDA:8,chunk
DA:4,1
DA:8,8
DA:10,3
DA:12,3
DA:13,8
DA:16,3
LF:6
LH:6
BRDA:8,0,0,5
BRDA:8,1,0,8
BRDA:8,1,1,6
BRF:3
BRH:3
end_of_record
TN:
SF:src\utilities\array\groupBy.ts
FN:8,groupBy
FNF:1
FNH:1
FNDA:2,groupBy
DA:8,1
DA:18,2
DA:21,2
DA:23,2
DA:27,12
DA:29,12
DA:30,18
DA:32,18
DA:38,12
DA:40,12
DA:43,7
DA:47,7
DA:48,11
DA:51,7
DA:54,12
DA:57,2
DA:59,2
DA:60,7
DA:62,7
DA:68,2
LF:20
LH:20
BRDA:11,0,0,2
BRDA:21,1,0,1
BRDA:21,1,1,1
BRDA:30,2,0,0
BRDA:40,3,0,7
BRF:5
BRH:4
end_of_record
TN:
SF:src\utilities\array\sum.ts
FN:9,sum
FN:12,(anonymous_2)
FNF:2
FNH:2
FNDA:11,sum
FNDA:32,(anonymous_2)
DA:2,2
DA:9,2
DA:10,11
DA:12,10
DA:13,32
DA:17,32
LF:6
LH:6
BRDA:10,0,0,1
BRDA:13,1,0,24
BRDA:13,1,1,8
BRDA:17,2,0,6
BRDA:17,2,1,26
BRF:5
BRH:5
end_of_record
TN:
SF:src\utilities\number\round.ts
FN:8,round
FNF:1
FNH:0
FNDA:0,round
DA:8,1
DA:9,0
DA:11,0
LF:3
LH:1
BRDA:8,0,0,0
BRF:1
BRH:0
end_of_record
TN:
SF:src\utilities\object\objClone.ts
FN:6,clone
FNF:1
FNH:0
FNDA:0,clone
DA:1,1
DA:6,1
DA:7,0
LF:3
LH:2
BRF:0
BRH:0
end_of_record
TN:
SF:src\utilities\object\objExcept.ts
FN:6,objExcept
FNF:1
FNH:0
FNDA:0,objExcept
DA:6,1
DA:10,0
DA:12,0
DA:13,0
DA:14,0
DA:18,0
LF:6
LH:1
BRDA:13,0,0,0
BRF:1
BRH:0
end_of_record
TN:
SF:src\utilities\object\objFlatten.ts
FN:1,canBeFlatten
FN:8,flatten
FNF:2
FNH:0
FNDA:0,canBeFlatten
FNDA:0,flatten
DA:2,0
DA:8,1
DA:14,0
DA:16,0
DA:17,0
DA:19,0
DA:21,0
DA:22,0
DA:23,0
DA:24,0
DA:26,0
DA:30,0
LF:12
LH:1
BRDA:2,0,0,0
BRDA:2,0,1,0
BRDA:10,1,0,0
BRDA:11,2,0,0
BRDA:12,3,0,0
BRDA:14,4,0,0
BRDA:19,5,0,0
BRDA:19,5,1,0
BRDA:21,6,0,0
BRDA:21,6,1,0
BRDA:21,7,0,0
BRDA:21,7,1,0
BRDA:23,8,0,0
BRDA:23,8,1,0
BRF:14
BRH:0
end_of_record
TN:
SF:src\utilities\object\objGet.ts
FN:9,objGet
FN:17,(anonymous_1)
FNF:2
FNH:2
FNDA:24,objGet
FNDA:30,(anonymous_1)
DA:9,3
DA:14,24
DA:15,24
DA:17,30
DA:19,24
DA:21,0
LF:6
LH:5
BRDA:12,0,0,24
BRDA:19,1,0,6
BRDA:19,1,1,18
BRF:3
BRH:3
end_of_record
TN:
SF:src\utilities\object\objMap.ts
FN:8,objMap
FN:12,(anonymous_1)
FNF:2
FNH:0
FNDA:0,objMap
FNDA:0,(anonymous_1)
DA:8,1
DA:12,0
DA:13,0
LF:3
LH:1
BRF:0
BRH:0
end_of_record
TN:
SF:src\utilities\object\objMerge.ts
FN:1,(anonymous_0)
FNF:1
FNH:0
FNDA:0,(anonymous_0)
DA:1,1
LF:1
LH:1
BRF:0
BRH:0
end_of_record
TN:
SF:src\utilities\object\objOnly.ts
FN:6,objOnly
FNF:1
FNH:0
FNDA:0,objOnly
DA:6,1
DA:10,0
DA:12,0
DA:13,0
DA:14,0
DA:18,0
LF:6
LH:1
BRDA:13,0,0,0
BRF:1
BRH:0
end_of_record
TN:
SF:src\utilities\object\objSet.ts
FN:5,set
FNF:1
FNH:0
FNDA:0,set
DA:5,1
DA:10,0
DA:11,0
DA:13,0
DA:16,0
DA:18,0
DA:20,0
DA:21,0
DA:22,0
DA:23,0
DA:25,0
DA:26,0
DA:28,0
DA:33,0
LF:14
LH:1
BRDA:10,0,0,0
BRDA:22,1,0,0
BRDA:22,1,1,0
BRDA:25,2,0,0
BRDA:25,2,1,0
BRF:5
BRH:0
end_of_record
TN:
SF:src\utilities\object\objSort.ts
FN:6,objSort
FN:17,(anonymous_1)
FNF:2
FNH:0
FNDA:0,objSort
FNDA:0,(anonymous_1)
DA:6,1
DA:10,0
DA:11,0
DA:13,0
DA:15,0
DA:17,0
DA:18,0
DA:23,0
LF:8
LH:1
BRDA:8,0,0,0
BRDA:10,1,0,0
BRDA:10,2,0,0
BRDA:10,2,1,0
BRDA:10,2,2,0
BRDA:18,3,0,0
BRDA:18,3,1,0
BRF:7
BRH:0
end_of_record
TN:
SF:src\utilities\str\capitalize.ts
FN:8,capitalize
FN:11,(anonymous_2)
FNF:2
FNH:2
FNDA:6,capitalize
FNDA:6,(anonymous_2)
DA:1,1
DA:8,1
DA:9,6
DA:11,6
LF:4
LH:4
BRF:0
BRH:0
end_of_record
TN:
SF:src\utilities\str\extension.ts
FN:4,extension
FNF:1
FNH:0
FNDA:0,extension
DA:4,1
DA:5,0
DA:6,0
DA:8,0
LF:4
LH:1
BRDA:8,0,0,0
BRDA:8,0,1,0
BRF:2
BRH:0
end_of_record
TN:
SF:src\utilities\str\ltrim.ts
FN:9,ltrim
FNF:1
FNH:0
FNDA:0,ltrim
DA:1,1
DA:9,1
DA:10,0
DA:11,0
DA:13,0
LF:5
LH:2
BRDA:9,0,0,0
BRF:1
BRH:0
end_of_record
TN:
SF:src\utilities\str\readMoreChars.ts
FN:5,readMoreChars
FNF:1
FNH:0
FNDA:0,readMoreChars
DA:5,1
DA:10,0
DA:12,0
LF:3
LH:1
BRDA:8,0,0,0
BRDA:10,1,0,0
BRF:2
BRH:0
end_of_record
TN:
SF:src\utilities\str\readMoreWords.ts
FN:5,readMoreWords
FNF:1
FNH:0
FNDA:0,readMoreWords
DA:5,1
DA:10,0
DA:11,0
DA:13,0
LF:4
LH:1
BRDA:8,0,0,0
BRDA:14,1,0,0
BRDA:14,1,1,0
BRF:3
BRH:0
end_of_record
TN:
SF:src\utilities\str\removeFirst.ts
FN:9,removeFirst
FNF:1
FNH:0
FNDA:0,removeFirst
DA:1,1
DA:9,1
DA:10,0
LF:3
LH:2
BRF:0
BRH:0
end_of_record
TN:
SF:src\utilities\str\removeLast.ts
FN:9,removeLast
FNF:1
FNH:0
FNDA:0,removeLast
DA:1,1
DA:9,1
DA:10,0
LF:3
LH:2
BRF:0
BRH:0
end_of_record
TN:
SF:src\utilities\str\repeatsOf.ts
FN:7,repeatsOf
FNF:1
FNH:0
FNDA:0,repeatsOf
DA:7,1
DA:12,0
DA:13,0
DA:14,0
DA:17,0
DA:19,0
LF:6
LH:1
BRDA:10,0,0,0
BRDA:13,1,0,0
BRF:2
BRH:0
end_of_record
TN:
SF:src\utilities\str\replaceAll.ts
FN:10,replaceAll
FNF:1
FNH:0
FNDA:0,replaceAll
DA:1,1
DA:10,1
DA:15,0
LF:3
LH:2
BRF:0
BRH:0
end_of_record
TN:
SF:src\utilities\str\replaceFirst.ts
FN:10,replaceFirst
FNF:1
FNH:0
FNDA:0,replaceFirst
DA:1,1
DA:10,1
DA:15,0
LF:3
LH:2
BRF:0
BRH:0
end_of_record
TN:
SF:src\utilities\str\replaceLast.ts
FN:8,replaceLast
FNF:1
FNH:0
FNDA:0,replaceLast
DA:8,1
DA:13,0
DA:15,0
DA:16,0
DA:19,0
LF:5
LH:1
BRDA:15,0,0,0
BRF:1
BRH:0
end_of_record
TN:
SF:src\utilities\str\rtrim.ts
FN:9,rtrim
FNF:1
FNH:0
FNDA:0,rtrim
DA:1,1
DA:9,1
DA:10,0
DA:11,0
DA:13,0
LF:5
LH:2
BRDA:9,0,0,0
BRF:1
BRH:0
end_of_record
TN:
SF:src\utilities\str\startsWithArabic.ts
FN:5,startsWithArabic
FNF:1
FNH:0
FNDA:0,startsWithArabic
DA:1,1
DA:3,1
DA:5,1
DA:9,0
DA:10,0
DA:12,0
LF:6
LH:3
BRDA:7,0,0,0
BRDA:9,1,0,0
BRF:2
BRH:0
end_of_record
TN:
SF:src\utilities\str\toCamelCase.ts
FN:3,toCamelCase
FN:11,(anonymous_2)
FNF:2
FNH:2
FNDA:9,toCamelCase
FNDA:15,(anonymous_2)
DA:1,1
DA:3,1
DA:7,9
DA:9,9
DA:11,15
LF:5
LH:5
BRDA:5,0,0,9
BRDA:11,1,0,6
BRDA:11,1,1,9
BRF:3
BRH:3
end_of_record
TN:
SF:src\utilities\str\toInputName.ts
FN:10,toInputName
FNF:1
FNH:0
FNDA:0,toInputName
DA:1,1
DA:10,1
DA:11,0
DA:13,0
DA:15,0
DA:16,0
DA:18,0
DA:19,0
DA:20,0
DA:21,0
DA:22,0
DA:25,0
DA:28,0
LF:13
LH:2
BRDA:11,0,0,0
BRDA:13,1,0,0
BRDA:16,2,0,0
BRDA:16,2,1,0
BRDA:20,3,0,0
BRF:5
BRH:0
end_of_record
TN:
SF:src\utilities\str\toSnakeCase.ts
FN:7,toSnakeCase
FN:10,(anonymous_1)
FNF:2
FNH:0
FNDA:0,toSnakeCase
FNDA:0,(anonymous_1)
DA:7,1
DA:8,0
DA:11,0
DA:13,0
LF:4
LH:1
BRDA:7,0,0,0
BRDA:11,1,0,0
BRDA:14,2,0,0
BRDA:14,2,1,0
BRF:4
BRH:0
end_of_record
TN:
SF:src\utilities\str\toStudlyCase.ts
FN:11,toStudlyCase
FN:18,(anonymous_2)
FNF:2
FNH:0
FNDA:0,toStudlyCase
FNDA:0,(anonymous_2)
DA:1,1
DA:11,1
DA:15,0
DA:16,0
DA:18,0
LF:5
LH:2
BRDA:13,0,0,0
BRF:1
BRH:0
end_of_record
TN:
SF:src\utilities\str\trim.ts
FN:9,trim
FNF:1
FNH:0
FNDA:0,trim
DA:1,1
DA:9,1
DA:10,0
DA:11,0
DA:14,0
DA:16,0
DA:17,0
DA:19,0
LF:8
LH:2
BRDA:9,0,0,0
BRDA:10,1,0,0
BRF:2
BRH:0
end_of_record
TN:
SF:src\utilities\str\ucfirst.ts
FN:6,ucfirst
FNF:1
FNH:1
FNDA:6,ucfirst
DA:6,1
DA:7,6
LF:2
LH:2
BRF:0
BRH:0
end_of_record
TN:
SF:src\utilities\utils\debounce.ts
FN:3,debounce
FN:11,(anonymous_1)
FNF:2
FNH:0
FNDA:0,debounce
FNDA:0,(anonymous_1)
DA:3,1
DA:5,0
DA:6,0
DA:7,0
DA:11,0
DA:12,0
DA:13,0
LF:7
LH:1
BRDA:3,0,0,0
BRDA:5,1,0,0
BRF:2
BRH:0
end_of_record
TN:
SF:src\utilities\utils\escapeRegex.ts
FN:4,escapeRegex
FNF:1
FNH:0
FNDA:0,escapeRegex
DA:4,1
DA:5,0
LF:2
LH:1
BRF:0
BRH:0
end_of_record
TN:
SF:src\utilities\utils\random.ts
FN:9,(anonymous_0)
FN:20,(anonymous_1)
FN:39,(anonymous_2)
FN:46,(anonymous_3)
FN:55,(anonymous_4)
FNF:5
FNH:0
FNDA:0,(anonymous_0)
FNDA:0,(anonymous_1)
FNDA:0,(anonymous_2)
FNDA:0,(anonymous_3)
FNDA:0,(anonymous_4)
DA:1,1
DA:10,0
DA:21,0
DA:23,0
DA:25,0
DA:26,0
DA:29,0
DA:40,0
DA:47,0
DA:56,0
LF:10
LH:1
BRDA:9,0,0,0
BRDA:9,1,0,0
BRDA:20,2,0,0
BRDA:39,3,0,0
BRDA:39,4,0,0
BRF:5
BRH:0
end_of_record
TN:
SF:tests\data.ts
FNF:0
FNH:0
DA:1,4
DA:31,4
LF:2
LH:2
BRF:0
BRH:0
end_of_record
TN:
SF:tests\utils.ts
FN:1,(anonymous_0)
FNF:1
FNH:1
FNDA:12,(anonymous_0)
DA:1,12
LF:1
LH:1
BRF:0
BRH:0
end_of_record
